[2020-12-31T13:43:31.087873+00:00] Zugriff.INFO: Zugriff auf Hauptseite von ["unbekannt"] []
[2020-12-31T13:43:48.775123+00:00] loginversuch.WARNING: Erfolgloser Loginversuch von unbekannt [] []
[2020-12-31T13:44:34.325890+00:00] Zugriff.INFO: Zugriff auf Hauptseite von ["unbekannt"] []
[2020-12-31T13:44:37.772729+00:00] loginversuch.WARNING: Erfolgloser Loginversuch Benutzer:  ["admin@emensa.example"] []
[2020-12-31T13:44:38.375200+00:00] login.INFO: Erfolgreicher Login Benutzer:  ["admin@emensa.example"] []
[2020-12-31T13:44:38.387427+00:00] Zugriff.INFO: Zugriff auf Hauptseite von ["unbekannt"] []
[2020-12-31T13:44:39.505497+00:00] logout.INFO: Abgemeldet Benutzer:  ["admin@emensa.example"] []
[2020-12-31T13:44:39.515511+00:00] Zugriff.INFO: Zugriff auf Hauptseite von ["unbekannt"] []
[2021-01-06T23:21:10.000250+00:00] Zugriff.INFO: Zugriff auf Hauptseite von ["unbekannt"] []
[2021-01-06T23:21:47.142237+00:00] loginversuch.WARNING: Erfolgloser Loginversuch Benutzer:  ["admin@emensa.example"] []
[2021-01-06T23:21:50.052388+00:00] login.INFO: Erfolgreicher Login Benutzer:  ["admin@emensa.example"] []
[2021-01-06T23:21:50.064468+00:00] Zugriff.INFO: Zugriff auf Hauptseite von ["unbekannt"] []
[2021-01-06T23:22:09.133750+00:00] logout.INFO: Abgemeldet Benutzer:  ["admin@emensa.example"] []
[2021-01-06T23:22:09.143077+00:00] Zugriff.INFO: Zugriff auf Hauptseite von ["unbekannt"] []
[2021-01-06T23:32:35.738381+00:00] login.INFO: Erfolgreicher Login Benutzer:  ["admin@emensa.example"] []
[2021-01-06T23:32:35.748984+00:00] Zugriff.INFO: Zugriff auf Hauptseite von ["unbekannt"] []
[2021-01-07T11:26:40.356390+00:00] Zugriff.INFO: Zugriff auf Hauptseite von ["unbekannt"] []
[2021-01-07T11:26:54.644085+00:00] Zugriff.INFO: Zugriff auf Hauptseite von ["unbekannt"] []
[2021-01-07T11:27:14.794004+00:00] loginversuch.WARNING: Erfolgloser Loginversuch von:  ["unbekannt"] []
[2021-01-07T11:28:15.776526+00:00] Zugriff.INFO: Zugriff auf Hauptseite von ["unbekannt"] []
[2021-01-14T15:43:42.814603+00:00] Zugriff.INFO: Zugriff auf Hauptseite von ["unbekannt"] []
[2021-01-14T15:43:55.872312+00:00] login.INFO: Erfolgreicher Login Benutzer:  ["admin@emensa.example"] []
[2021-01-14T15:43:55.885073+00:00] Zugriff.INFO: Zugriff auf Hauptseite von ["unbekannt"] []
[2021-01-14T15:50:37.927136+00:00] logout.INFO: Abgemeldet Benutzer:  ["admin@emensa.example"] []
[2021-01-14T15:50:37.939491+00:00] Zugriff.INFO: Zugriff auf Hauptseite von ["unbekannt"] []
[2021-01-14T17:45:49.903575+00:00] Zugriff.INFO: Zugriff auf Hauptseite von ["unbekannt"] []
[2021-01-14T17:46:16.407899+00:00] loginversuch.WARNING: Erfolgloser Loginversuch von:  ["unbekannt"] []
[2021-01-14T17:47:31.161630+00:00] loginversuch.WARNING: Erfolgloser Loginversuch von:  ["unbekannt"] []
[2021-01-14T17:47:31.727088+00:00] login.INFO: Erfolgreicher Login Benutzer:  ["admin@emensa.example"] []
[2021-01-14T17:47:31.739915+00:00] Zugriff.INFO: Zugriff auf Hauptseite von ["unbekannt"] []
[2021-01-14T18:05:45.899929+00:00] Zugriff.INFO: Zugriff auf Hauptseite von ["unbekannt"] []
[2021-01-14T18:05:50.192643+00:00] logout.INFO: Abgemeldet Benutzer:  ["admin@emensa.example"] []
[2021-01-14T18:05:50.202199+00:00] Zugriff.INFO: Zugriff auf Hauptseite von ["unbekannt"] []
[2021-01-14T18:09:13.323675+00:00] Zugriff.INFO: Zugriff auf Hauptseite von ["unbekannt"] []
[2021-01-14T18:09:42.034011+00:00] Zugriff.INFO: Zugriff auf Hauptseite von ["unbekannt"] []
[2021-01-14T18:10:12.152053+00:00] Zugriff.INFO: Zugriff auf Hauptseite von ["unbekannt"] []
[2021-01-14T18:10:12.971814+00:00] Zugriff.INFO: Zugriff auf Hauptseite von ["unbekannt"] []
[2021-01-14T18:10:13.637442+00:00] Zugriff.INFO: Zugriff auf Hauptseite von ["unbekannt"] []
[2021-01-14T18:10:42.560033+00:00] Zugriff.INFO: Zugriff auf Hauptseite von ["unbekannt"] []
[2021-01-14T18:12:11.338681+00:00] Zugriff.INFO: Zugriff auf Hauptseite von ["unbekannt"] []
[2021-01-14T18:12:18.787602+00:00] Zugriff.INFO: Zugriff auf Hauptseite von ["unbekannt"] []
[2021-01-14T18:13:47.191598+00:00] Zugriff.INFO: Zugriff auf Hauptseite von ["unbekannt"] []
[2021-01-14T18:37:20.750827+00:00] Zugriff.INFO: Zugriff auf Hauptseite von ["unbekannt"] []
[2021-01-14T18:52:39.388430+00:00] Zugriff.INFO: Zugriff auf Hauptseite von ["unbekannt"] []
[2021-01-14T18:53:41.133975+00:00] Zugriff.INFO: Zugriff auf Hauptseite von ["unbekannt"] []
[2021-01-14T18:55:20.830338+00:00] Zugriff.INFO: Zugriff auf Hauptseite von ["unbekannt"] []
[2021-01-14T18:55:31.661065+00:00] Zugriff.INFO: Zugriff auf Hauptseite von ["unbekannt"] []
[2021-01-14T18:56:56.417386+00:00] Zugriff.INFO: Zugriff auf Hauptseite von ["unbekannt"] []
[2021-01-14T19:01:43.833778+00:00] Zugriff.INFO: Zugriff auf Hauptseite von ["unbekannt"] []
[2021-01-14T19:02:25.986361+00:00] Zugriff.INFO: Zugriff auf Hauptseite von ["unbekannt"] []
[2021-01-14T19:03:42.461222+00:00] Zugriff.INFO: Zugriff auf Hauptseite von ["unbekannt"] []
[2021-01-14T19:04:59.297164+00:00] Zugriff.INFO: Zugriff auf Hauptseite von ["unbekannt"] []
[2021-01-14T19:05:34.443274+00:00] Zugriff.INFO: Zugriff auf Hauptseite von ["unbekannt"] []
[2021-01-14T19:05:54.538883+00:00] Zugriff.INFO: Zugriff auf Hauptseite von ["unbekannt"] []
[2021-01-14T19:06:15.876558+00:00] Zugriff.INFO: Zugriff auf Hauptseite von ["unbekannt"] []
[2021-01-14T19:06:28.615309+00:00] Zugriff.INFO: Zugriff auf Hauptseite von ["unbekannt"] []
[2021-01-14T19:06:40.154168+00:00] Zugriff.INFO: Zugriff auf Hauptseite von ["unbekannt"] []
[2021-01-14T19:06:43.072830+00:00] login.INFO: Erfolgreicher Login Benutzer:  ["admin@emensa.example"] []
[2021-01-14T19:06:43.085292+00:00] Zugriff.INFO: Zugriff auf Hauptseite von ["unbekannt"] []
[2021-01-14T19:07:22.840191+00:00] logout.INFO: Abgemeldet Benutzer:  ["admin@emensa.example"] []
[2021-01-14T19:07:22.850470+00:00] Zugriff.INFO: Zugriff auf Hauptseite von ["unbekannt"] []
[2021-01-14T19:07:30.081282+00:00] login.INFO: Erfolgreicher Login Benutzer:  ["admin@emensa.example"] []
[2021-01-14T19:07:30.093935+00:00] Zugriff.INFO: Zugriff auf Hauptseite von ["unbekannt"] []
[2021-01-14T19:19:54.622139+00:00] Zugriff.INFO: Zugriff auf Hauptseite von ["unbekannt"] []
[2021-01-14T19:32:47.682079+00:00] Zugriff.INFO: Zugriff auf Hauptseite von ["unbekannt"] []
[2021-01-14T19:33:36.239610+00:00] Zugriff.INFO: Zugriff auf Hauptseite von ["unbekannt"] []
[2021-01-14T19:33:43.449589+00:00] Zugriff.INFO: Zugriff auf Hauptseite von ["unbekannt"] []
[2021-01-14T19:38:02.434329+00:00] Zugriff.INFO: Zugriff auf Hauptseite von ["unbekannt"] []
[2021-01-14T19:38:20.722488+00:00] Zugriff.INFO: Zugriff auf Hauptseite von ["unbekannt"] []
[2021-01-14T19:39:28.813917+00:00] Zugriff.INFO: Zugriff auf Hauptseite von ["unbekannt"] []
[2021-01-14T20:24:59.775822+00:00] Zugriff.INFO: Zugriff auf Hauptseite von ["unbekannt"] []
[2021-01-14T20:28:18.509807+00:00] Zugriff.INFO: Zugriff auf Hauptseite von ["unbekannt"] []
[2021-01-14T20:32:10.024460+00:00] Zugriff.INFO: Zugriff auf Hauptseite von ["unbekannt"] []
[2021-01-14T20:33:12.707161+00:00] Zugriff.INFO: Zugriff auf Hauptseite von ["unbekannt"] []
[2021-01-14T20:38:05.285793+00:00] Zugriff.INFO: Zugriff auf Hauptseite von ["unbekannt"] []
[2021-01-14T20:38:34.936497+00:00] Zugriff.INFO: Zugriff auf Hauptseite von ["unbekannt"] []
[2021-01-14T20:41:44.485413+00:00] Zugriff.INFO: Zugriff auf Hauptseite von ["unbekannt"] []
[2021-01-14T20:42:30.934301+00:00] Zugriff.INFO: Zugriff auf Hauptseite von ["unbekannt"] []
[2021-01-14T20:43:25.205573+00:00] Zugriff.INFO: Zugriff auf Hauptseite von ["unbekannt"] []
[2021-01-14T20:45:09.417616+00:00] Zugriff.INFO: Zugriff auf Hauptseite von ["unbekannt"] []
[2021-01-14T20:45:21.421026+00:00] Zugriff.INFO: Zugriff auf Hauptseite von ["unbekannt"] []
[2021-01-14T20:46:01.530354+00:00] Zugriff.INFO: Zugriff auf Hauptseite von ["unbekannt"] []
[2021-01-14T20:46:11.186080+00:00] Zugriff.INFO: Zugriff auf Hauptseite von ["unbekannt"] []
[2021-01-14T20:48:24.764595+00:00] Zugriff.INFO: Zugriff auf Hauptseite von ["unbekannt"] []
[2021-01-14T20:49:01.211194+00:00] Zugriff.INFO: Zugriff auf Hauptseite von ["unbekannt"] []
[2021-01-14T20:49:14.701075+00:00] Zugriff.INFO: Zugriff auf Hauptseite von ["unbekannt"] []
[2021-01-14T20:51:29.402805+00:00] Zugriff.INFO: Zugriff auf Hauptseite von ["unbekannt"] []
[2021-01-14T20:51:55.523482+00:00] Zugriff.INFO: Zugriff auf Hauptseite von ["unbekannt"] []
[2021-01-14T20:52:52.583425+00:00] Zugriff.INFO: Zugriff auf Hauptseite von ["unbekannt"] []
[2021-01-14T20:55:49.878781+00:00] Zugriff.INFO: Zugriff auf Hauptseite von ["unbekannt"] []
[2021-01-14T20:57:34.837600+00:00] Zugriff.INFO: Zugriff auf Hauptseite von ["unbekannt"] []
[2021-01-14T20:59:05.381235+00:00] Zugriff.INFO: Zugriff auf Hauptseite von ["unbekannt"] []
[2021-01-14T20:59:40.508882+00:00] Zugriff.INFO: Zugriff auf Hauptseite von ["unbekannt"] []
[2021-01-14T21:03:20.694621+00:00] Zugriff.INFO: Zugriff auf Hauptseite von ["unbekannt"] []
[2021-01-14T21:03:37.487676+00:00] Zugriff.INFO: Zugriff auf Hauptseite von ["unbekannt"] []
[2021-01-14T21:06:11.388881+00:00] Zugriff.INFO: Zugriff auf Hauptseite von ["unbekannt"] []
[2021-01-14T21:06:13.067537+00:00] logout.INFO: Abgemeldet Benutzer:  ["admin@emensa.example"] []
[2021-01-14T21:06:13.077429+00:00] Zugriff.INFO: Zugriff auf Hauptseite von ["unbekannt"] []
[2021-01-14T21:07:37.013220+00:00] Zugriff.INFO: Zugriff auf Hauptseite von ["unbekannt"] []
[2021-01-14T21:07:40.886942+00:00] login.INFO: Erfolgreicher Login Benutzer:  ["admin@emensa.example"] []
[2021-01-14T21:07:40.899396+00:00] Zugriff.INFO: Zugriff auf Hauptseite von ["unbekannt"] []
[2021-01-14T21:07:54.958945+00:00] Zugriff.INFO: Zugriff auf Hauptseite von ["unbekannt"] []
[2021-01-14T21:09:44.419951+00:00] Zugriff.INFO: Zugriff auf Hauptseite von ["unbekannt"] []
[2021-01-14T21:10:25.079311+00:00] Zugriff.INFO: Zugriff auf Hauptseite von ["unbekannt"] []
[2021-01-14T21:10:49.107692+00:00] Zugriff.INFO: Zugriff auf Hauptseite von ["unbekannt"] []
[2021-01-14T21:11:41.122778+00:00] Zugriff.INFO: Zugriff auf Hauptseite von ["unbekannt"] []
[2021-01-14T21:11:58.987592+00:00] Zugriff.INFO: Zugriff auf Hauptseite von ["unbekannt"] []
[2021-01-14T21:13:38.989470+00:00] Zugriff.INFO: Zugriff auf Hauptseite von ["unbekannt"] []
[2021-01-14T21:15:04.382362+00:00] Zugriff.INFO: Zugriff auf Hauptseite von ["unbekannt"] []
[2021-01-14T21:18:18.758190+00:00] Zugriff.INFO: Zugriff auf Hauptseite von ["unbekannt"] []
[2021-01-14T21:19:41.164110+00:00] Zugriff.INFO: Zugriff auf Hauptseite von ["unbekannt"] []
[2021-01-14T21:20:07.969042+00:00] Zugriff.INFO: Zugriff auf Hauptseite von ["unbekannt"] []
[2021-01-14T21:20:20.988185+00:00] Zugriff.INFO: Zugriff auf Hauptseite von ["unbekannt"] []
[2021-01-14T21:20:51.868431+00:00] Zugriff.INFO: Zugriff auf Hauptseite von ["unbekannt"] []
[2021-01-14T21:21:13.257550+00:00] Zugriff.INFO: Zugriff auf Hauptseite von ["unbekannt"] []
[2021-01-14T22:37:37.253278+00:00] Zugriff.INFO: Zugriff auf Hauptseite von ["unbekannt"] []
[2021-01-14T22:38:24.788374+00:00] Zugriff.INFO: Zugriff auf Hauptseite von ["unbekannt"] []
[2021-01-14T22:38:49.020693+00:00] Zugriff.INFO: Zugriff auf Hauptseite von ["unbekannt"] []
[2021-01-14T22:39:12.193141+00:00] Zugriff.INFO: Zugriff auf Hauptseite von ["unbekannt"] []
[2021-01-14T22:39:29.590603+00:00] Zugriff.INFO: Zugriff auf Hauptseite von ["unbekannt"] []
[2021-01-14T22:39:41.167119+00:00] Zugriff.INFO: Zugriff auf Hauptseite von ["unbekannt"] []
[2021-01-14T22:40:58.108988+00:00] Zugriff.INFO: Zugriff auf Hauptseite von ["unbekannt"] []
[2021-01-14T22:42:51.128238+00:00] Zugriff.INFO: Zugriff auf Hauptseite von ["unbekannt"] []
[2021-01-14T22:43:43.233379+00:00] Zugriff.INFO: Zugriff auf Hauptseite von ["unbekannt"] []
[2021-01-14T22:44:01.480418+00:00] Zugriff.INFO: Zugriff auf Hauptseite von ["unbekannt"] []
[2021-01-14T23:20:52.101523+00:00] Zugriff.INFO: Zugriff auf Hauptseite von ["unbekannt"] []
[2021-01-14T23:21:37.199731+00:00] Zugriff.INFO: Zugriff auf Hauptseite von ["unbekannt"] []
[2021-01-14T23:29:50.037999+00:00] Zugriff.INFO: Zugriff auf Hauptseite von ["unbekannt"] []
[2021-01-14T23:31:44.150458+00:00] Zugriff.INFO: Zugriff auf Hauptseite von ["unbekannt"] []
[2021-01-14T23:32:29.521115+00:00] Zugriff.INFO: Zugriff auf Hauptseite von ["unbekannt"] []
[2021-01-14T23:32:45.140081+00:00] Zugriff.INFO: Zugriff auf Hauptseite von ["unbekannt"] []
[2021-01-14T23:33:41.740486+00:00] Zugriff.INFO: Zugriff auf Hauptseite von ["unbekannt"] []
[2021-01-14T23:33:52.589409+00:00] Zugriff.INFO: Zugriff auf Hauptseite von ["unbekannt"] []
[2021-01-14T23:39:44.697091+00:00] Zugriff.INFO: Zugriff auf Hauptseite von ["unbekannt"] []
[2021-01-14T23:41:57.119045+00:00] Zugriff.INFO: Zugriff auf Hauptseite von ["unbekannt"] []
[2021-01-14T23:43:25.623721+00:00] Zugriff.INFO: Zugriff auf Hauptseite von ["unbekannt"] []
[2021-01-14T23:43:59.841853+00:00] Zugriff.INFO: Zugriff auf Hauptseite von ["unbekannt"] []
[2021-01-14T23:44:22.066407+00:00] Zugriff.INFO: Zugriff auf Hauptseite von ["unbekannt"] []
[2021-01-14T23:44:50.790465+00:00] Zugriff.INFO: Zugriff auf Hauptseite von ["unbekannt"] []
[2021-01-14T23:47:09.682924+00:00] Zugriff.INFO: Zugriff auf Hauptseite von ["unbekannt"] []
[2021-01-15T00:40:46.891803+00:00] Zugriff.INFO: Zugriff auf Hauptseite von ["unbekannt"] []
[2021-01-15T00:42:05.037395+00:00] Zugriff.INFO: Zugriff auf Hauptseite von ["unbekannt"] []
[2021-01-15T00:44:42.475919+00:00] Zugriff.INFO: Zugriff auf Hauptseite von ["unbekannt"] []
[2021-01-15T00:45:17.712256+00:00] Zugriff.INFO: Zugriff auf Hauptseite von ["unbekannt"] []
[2021-01-15T00:45:55.140351+00:00] Zugriff.INFO: Zugriff auf Hauptseite von ["unbekannt"] []
[2021-01-15T00:51:18.395432+00:00] Zugriff.INFO: Zugriff auf Hauptseite von ["unbekannt"] []
[2021-01-15T00:51:47.997611+00:00] Zugriff.INFO: Zugriff auf Hauptseite von ["unbekannt"] []
[2021-01-15T00:54:01.371984+00:00] Zugriff.INFO: Zugriff auf Hauptseite von ["unbekannt"] []
[2021-01-15T00:54:23.802016+00:00] Zugriff.INFO: Zugriff auf Hauptseite von ["unbekannt"] []
[2021-01-15T00:54:55.395525+00:00] Zugriff.INFO: Zugriff auf Hauptseite von ["unbekannt"] []
[2021-01-15T00:55:20.050528+00:00] Zugriff.INFO: Zugriff auf Hauptseite von ["unbekannt"] []
[2021-01-15T00:59:46.166050+00:00] Zugriff.INFO: Zugriff auf Hauptseite von ["unbekannt"] []
[2021-01-15T01:00:08.102105+00:00] Zugriff.INFO: Zugriff auf Hauptseite von ["unbekannt"] []
[2021-01-15T01:02:47.950569+00:00] Zugriff.INFO: Zugriff auf Hauptseite von ["unbekannt"] []
[2021-01-15T01:03:09.227573+00:00] Zugriff.INFO: Zugriff auf Hauptseite von ["unbekannt"] []
[2021-01-15T01:03:21.677056+00:00] Zugriff.INFO: Zugriff auf Hauptseite von ["unbekannt"] []
[2021-01-15T01:04:32.353118+00:00] Zugriff.INFO: Zugriff auf Hauptseite von ["unbekannt"] []
[2021-01-15T01:06:08.297436+00:00] Zugriff.INFO: Zugriff auf Hauptseite von ["unbekannt"] []
[2021-01-15T01:06:30.357951+00:00] Zugriff.INFO: Zugriff auf Hauptseite von ["unbekannt"] []
[2021-01-15T01:06:33.383049+00:00] Zugriff.INFO: Zugriff auf Hauptseite von ["unbekannt"] []
[2021-01-15T01:07:12.958854+00:00] Zugriff.INFO: Zugriff auf Hauptseite von ["unbekannt"] []
[2021-01-15T01:09:21.143561+00:00] Zugriff.INFO: Zugriff auf Hauptseite von ["unbekannt"] []
[2021-01-15T01:10:22.547319+00:00] Zugriff.INFO: Zugriff auf Hauptseite von ["unbekannt"] []
[2021-01-15T01:10:46.174370+00:00] Zugriff.INFO: Zugriff auf Hauptseite von ["unbekannt"] []
[2021-01-15T01:14:01.116627+00:00] Zugriff.INFO: Zugriff auf Hauptseite von ["unbekannt"] []
[2021-01-15T01:14:49.141094+00:00] Zugriff.INFO: Zugriff auf Hauptseite von ["unbekannt"] []
[2021-01-15T01:15:10.297292+00:00] Zugriff.INFO: Zugriff auf Hauptseite von ["unbekannt"] []
[2021-01-15T01:46:44.810732+00:00] Zugriff.INFO: Zugriff auf Hauptseite von ["unbekannt"] []
[2021-01-15T01:47:05.003302+00:00] Zugriff.INFO: Zugriff auf Hauptseite von ["unbekannt"] []
[2021-01-15T01:47:39.772128+00:00] Zugriff.INFO: Zugriff auf Hauptseite von ["unbekannt"] []
[2021-01-15T01:53:51.690278+00:00] Zugriff.INFO: Zugriff auf Hauptseite von ["unbekannt"] []
[2021-01-15T01:54:12.358219+00:00] Zugriff.INFO: Zugriff auf Hauptseite von ["unbekannt"] []
[2021-01-15T01:55:21.357016+00:00] Zugriff.INFO: Zugriff auf Hauptseite von ["unbekannt"] []
[2021-01-15T01:59:02.541313+00:00] Zugriff.INFO: Zugriff auf Hauptseite von ["unbekannt"] []
[2021-01-15T01:59:18.685964+00:00] Zugriff.INFO: Zugriff auf Hauptseite von ["unbekannt"] []
[2021-01-15T02:00:20.887911+00:00] Zugriff.INFO: Zugriff auf Hauptseite von ["unbekannt"] []
[2021-01-15T02:00:45.298497+00:00] Zugriff.INFO: Zugriff auf Hauptseite von ["unbekannt"] []
[2021-01-15T02:01:23.451951+00:00] Zugriff.INFO: Zugriff auf Hauptseite von ["unbekannt"] []
[2021-01-15T02:01:53.144745+00:00] Zugriff.INFO: Zugriff auf Hauptseite von ["unbekannt"] []
[2021-01-15T02:02:26.749165+00:00] Zugriff.INFO: Zugriff auf Hauptseite von ["unbekannt"] []
[2021-01-15T02:03:15.093573+00:00] Zugriff.INFO: Zugriff auf Hauptseite von ["unbekannt"] []
[2021-01-15T02:03:48.327106+00:00] Zugriff.INFO: Zugriff auf Hauptseite von ["unbekannt"] []
[2021-01-15T02:06:52.712483+00:00] Zugriff.INFO: Zugriff auf Hauptseite von ["unbekannt"] []
[2021-01-15T02:07:56.607524+00:00] Zugriff.INFO: Zugriff auf Hauptseite von ["unbekannt"] []
[2021-01-15T02:10:48.299441+00:00] Zugriff.INFO: Zugriff auf Hauptseite von ["unbekannt"] []
[2021-01-15T02:10:56.487621+00:00] Zugriff.INFO: Zugriff auf Hauptseite von ["unbekannt"] []
[2021-01-15T02:12:39.453338+00:00] Zugriff.INFO: Zugriff auf Hauptseite von ["unbekannt"] []
[2021-01-15T02:13:05.334606+00:00] Zugriff.INFO: Zugriff auf Hauptseite von ["unbekannt"] []
[2021-01-15T02:13:48.319862+00:00] Zugriff.INFO: Zugriff auf Hauptseite von ["unbekannt"] []
[2021-01-15T02:14:18.137050+00:00] Zugriff.INFO: Zugriff auf Hauptseite von ["unbekannt"] []
[2021-01-15T02:16:22.892563+00:00] Zugriff.INFO: Zugriff auf Hauptseite von ["unbekannt"] []
[2021-01-15T02:18:38.583814+00:00] Zugriff.INFO: Zugriff auf Hauptseite von ["unbekannt"] []
[2021-01-15T11:50:11.285373+00:00] Zugriff.INFO: Zugriff auf Hauptseite von ["unbekannt"] []
[2021-01-15T11:50:15.064048+00:00] login.INFO: Erfolgreicher Login Benutzer:  ["admin@emensa.example"] []
[2021-01-15T11:50:15.076334+00:00] Zugriff.INFO: Zugriff auf Hauptseite von ["unbekannt"] []
[2021-01-15T11:54:45.192495+00:00] Zugriff.INFO: Zugriff auf Hauptseite von ["unbekannt"] []
[2021-01-15T11:56:24.850611+00:00] Zugriff.INFO: Zugriff auf Hauptseite von ["unbekannt"] []
[2021-01-15T11:56:56.728055+00:00] Zugriff.INFO: Zugriff auf Hauptseite von ["unbekannt"] []
[2021-01-15T11:59:51.287262+00:00] Zugriff.INFO: Zugriff auf Hauptseite von ["unbekannt"] []
[2021-01-15T12:01:32.694402+00:00] Zugriff.INFO: Zugriff auf Hauptseite von ["unbekannt"] []
[2021-01-15T12:01:53.200302+00:00] Zugriff.INFO: Zugriff auf Hauptseite von ["unbekannt"] []
[2021-01-15T12:02:56.991691+00:00] Zugriff.INFO: Zugriff auf Hauptseite von ["unbekannt"] []
[2021-01-15T12:04:01.857460+00:00] Zugriff.INFO: Zugriff auf Hauptseite von ["unbekannt"] []
[2021-01-15T12:04:19.546628+00:00] Zugriff.INFO: Zugriff auf Hauptseite von ["unbekannt"] []
[2021-01-15T12:04:37.148845+00:00] Zugriff.INFO: Zugriff auf Hauptseite von ["unbekannt"] []
[2021-01-15T12:06:28.966508+00:00] Zugriff.INFO: Zugriff auf Hauptseite von ["unbekannt"] []
[2021-01-15T12:06:46.702683+00:00] Zugriff.INFO: Zugriff auf Hauptseite von ["unbekannt"] []
[2021-01-15T12:26:41.469408+00:00] Zugriff.INFO: Zugriff auf Hauptseite von ["unbekannt"] []
[2021-01-15T12:29:46.908951+00:00] Zugriff.INFO: Zugriff auf Hauptseite von ["unbekannt"] []
[2021-01-15T12:30:43.584567+00:00] Zugriff.INFO: Zugriff auf Hauptseite von ["unbekannt"] []
[2021-01-15T12:34:52.957595+00:00] Zugriff.INFO: Zugriff auf Hauptseite von ["unbekannt"] []
[2021-01-15T12:38:11.295841+00:00] Zugriff.INFO: Zugriff auf Hauptseite von ["unbekannt"] []
[2021-01-15T12:39:58.290840+00:00] Zugriff.INFO: Zugriff auf Hauptseite von ["unbekannt"] []
[2021-01-15T12:41:32.960431+00:00] Zugriff.INFO: Zugriff auf Hauptseite von ["unbekannt"] []
[2021-01-15T12:42:15.832322+00:00] Zugriff.INFO: Zugriff auf Hauptseite von ["unbekannt"] []
[2021-01-15T12:43:03.766788+00:00] Zugriff.INFO: Zugriff auf Hauptseite von ["unbekannt"] []
[2021-01-15T12:45:08.098941+00:00] Zugriff.INFO: Zugriff auf Hauptseite von ["unbekannt"] []
[2021-01-15T12:48:57.425264+00:00] Zugriff.INFO: Zugriff auf Hauptseite von ["unbekannt"] []
[2021-01-15T12:50:17.822107+00:00] Zugriff.INFO: Zugriff auf Hauptseite von ["unbekannt"] []
[2021-01-15T12:51:02.322211+00:00] Zugriff.INFO: Zugriff auf Hauptseite von ["unbekannt"] []
[2021-01-15T12:56:25.110541+00:00] Zugriff.INFO: Zugriff auf Hauptseite von ["unbekannt"] []
[2021-01-15T13:02:47.109838+00:00] Zugriff.INFO: Zugriff auf Hauptseite von ["unbekannt"] []
[2021-01-15T13:03:09.716167+00:00] Zugriff.INFO: Zugriff auf Hauptseite von ["unbekannt"] []
[2021-01-15T13:04:01.996934+00:00] Zugriff.INFO: Zugriff auf Hauptseite von ["unbekannt"] []
[2021-01-15T13:04:37.161996+00:00] Zugriff.INFO: Zugriff auf Hauptseite von ["unbekannt"] []
[2021-01-15T13:05:40.139884+00:00] Zugriff.INFO: Zugriff auf Hauptseite von ["unbekannt"] []
[2021-01-15T13:16:56.642102+00:00] Zugriff.INFO: Zugriff auf Hauptseite von ["unbekannt"] []
[2021-01-15T13:18:10.902396+00:00] Zugriff.INFO: Zugriff auf Hauptseite von ["unbekannt"] []
[2021-01-15T13:22:18.616741+00:00] Zugriff.INFO: Zugriff auf Hauptseite von ["unbekannt"] []
[2021-01-15T13:22:43.392002+00:00] Zugriff.INFO: Zugriff auf Hauptseite von ["unbekannt"] []
[2021-01-15T13:24:29.565528+00:00] Zugriff.INFO: Zugriff auf Hauptseite von ["unbekannt"] []
[2021-01-15T13:24:33.275175+00:00] Zugriff.INFO: Zugriff auf Hauptseite von ["unbekannt"] []
[2021-01-15T13:25:20.082260+00:00] Zugriff.INFO: Zugriff auf Hauptseite von ["unbekannt"] []
[2021-01-15T13:25:21.035668+00:00] Zugriff.INFO: Zugriff auf Hauptseite von ["unbekannt"] []
[2021-01-15T13:25:22.514291+00:00] Zugriff.INFO: Zugriff auf Hauptseite von ["unbekannt"] []
[2021-01-15T13:25:23.285774+00:00] Zugriff.INFO: Zugriff auf Hauptseite von ["unbekannt"] []
[2021-01-15T13:25:23.765265+00:00] Zugriff.INFO: Zugriff auf Hauptseite von ["unbekannt"] []
[2021-01-15T13:25:24.297005+00:00] Zugriff.INFO: Zugriff auf Hauptseite von ["unbekannt"] []
[2021-01-15T13:25:24.879028+00:00] Zugriff.INFO: Zugriff auf Hauptseite von ["unbekannt"] []
[2021-01-15T13:25:28.047641+00:00] Zugriff.INFO: Zugriff auf Hauptseite von ["unbekannt"] []
[2021-01-15T13:26:34.995818+00:00] Zugriff.INFO: Zugriff auf Hauptseite von ["unbekannt"] []
[2021-01-15T13:27:54.968454+00:00] Zugriff.INFO: Zugriff auf Hauptseite von ["unbekannt"] []
[2021-01-15T13:27:58.868141+00:00] Zugriff.INFO: Zugriff auf Hauptseite von ["unbekannt"] []
[2021-01-15T13:28:21.978450+00:00] Zugriff.INFO: Zugriff auf Hauptseite von ["unbekannt"] []
[2021-01-15T13:28:23.972023+00:00] Zugriff.INFO: Zugriff auf Hauptseite von ["unbekannt"] []
[2021-01-15T13:32:18.682019+00:00] Zugriff.INFO: Zugriff auf Hauptseite von ["unbekannt"] []
[2021-01-15T13:36:10.837723+00:00] Zugriff.INFO: Zugriff auf Hauptseite von ["unbekannt"] []
[2021-01-15T13:42:58.960433+00:00] Zugriff.INFO: Zugriff auf Hauptseite von ["unbekannt"] []
[2021-01-15T13:44:42.167003+00:00] Zugriff.INFO: Zugriff auf Hauptseite von ["unbekannt"] []
[2021-01-15T13:45:48.161254+00:00] Zugriff.INFO: Zugriff auf Hauptseite von ["unbekannt"] []
[2021-01-15T13:47:32.329625+00:00] Zugriff.INFO: Zugriff auf Hauptseite von ["unbekannt"] []
[2021-01-15T13:48:04.680053+00:00] Zugriff.INFO: Zugriff auf Hauptseite von ["unbekannt"] []
[2021-01-15T13:48:20.548096+00:00] Zugriff.INFO: Zugriff auf Hauptseite von ["unbekannt"] []
[2021-01-15T13:48:37.290147+00:00] Zugriff.INFO: Zugriff auf Hauptseite von ["unbekannt"] []
[2021-01-15T13:49:07.915147+00:00] Zugriff.INFO: Zugriff auf Hauptseite von ["unbekannt"] []
[2021-01-15T13:51:22.319597+00:00] Zugriff.INFO: Zugriff auf Hauptseite von ["unbekannt"] []
[2021-01-15T13:54:22.280026+00:00] Zugriff.INFO: Zugriff auf Hauptseite von ["unbekannt"] []
